<?xml version="1.0" encoding="UTF-8"?>
<testsuite xmlns:xsi="http://www.w3.org/2001/XMLSchema-instance" xsi:noNamespaceSchemaLocation="https://maven.apache.org/surefire/maven-surefire-plugin/xsd/surefire-test-report-3.0.xsd" version="3.0" name="com.microservices.serviceregistry.ServiceRegistryApplicationTests" time="15.39" tests="1" errors="0" skipped="0" failures="0">
  <properties>
[...]
</properties>
  <testcase name="contextLoads" classname="com.microservices.serviceregistry.ServiceRegistryApplicationTests" time="3.163">
    <system-out><![CDATA[06:40:36.841 [main] INFO org.springframework.test.context.support.AnnotationConfigContextLoaderUtils -- Could not detect default configuration classes for test class [com.microservices.serviceregistry.ServiceRegistryApplicationTests]: ServiceRegistryApplicationTests does not declare any static, non-private, non-final, nested classes annotated with @Configuration.
06:40:37.219 [main] INFO org.springframework.boot.test.context.SpringBootTestContextBootstrapper -- Found @SpringBootConfiguration com.microservices.serviceregistry.ServiceRegistryApplication for test class com.microservices.serviceregistry.ServiceRegistryApplicationTests

  .   ____          _            __ _ _
 /\\ / ___'_ __ _ _(_)_ __  __ _ \ \ \ \
( ( )\___ | '_ | '_| | '_ \/ _` | \ \ \ \
 \\/  ___)| |_)| | | | | || (_| |  ) ) ) )
  '  |____| .__|_| |_|_| |_\__, | / / / /
 =========|_|==============|___/=/_/_/_/
 :: Spring Boot ::                (v3.1.2)

2023-08-04T06:40:39.432Z  INFO 9465 --- [           main] c.m.s.ServiceRegistryApplicationTests    : Starting ServiceRegistryApplicationTests using Java 17.0.7 with PID 9465 (started by coder in /home/coder/project/workspace/service-registry)
2023-08-04T06:40:39.435Z  INFO 9465 --- [           main] c.m.s.ServiceRegistryApplicationTests    : No active profile set, falling back to 1 default profile: "default"
2023-08-04T06:40:43.257Z  INFO 9465 --- [           main] o.s.cloud.context.scope.GenericScope     : BeanFactory id=7d22f0c2-4fa5-3568-8e1f-a4e265b5986b
2023-08-04T06:40:46.218Z  WARN 9465 --- [           main] iguration$LoadBalancerCaffeineWarnLogger : Spring Cloud LoadBalancer is currently working with the default cache. While this cache implementation is useful for development and tests, it's recommended to use Caffeine cache in production.You can switch to using Caffeine cache, by adding it and org.springframework.cache.caffeine.CaffeineCacheManager to the classpath.
2023-08-04T06:40:46.742Z  INFO 9465 --- [           main] o.s.c.n.eureka.InstanceInfoFactory       : Setting initial instance status as: STARTING
2023-08-04T06:40:46.995Z  INFO 9465 --- [           main] com.netflix.discovery.DiscoveryClient    : Initializing Eureka in region us-east-1
2023-08-04T06:40:46.996Z  INFO 9465 --- [           main] com.netflix.discovery.DiscoveryClient    : Client configured to neither register nor query for data.
2023-08-04T06:40:47.017Z  INFO 9465 --- [           main] com.netflix.discovery.DiscoveryClient    : Discovery Client initialized at timestamp 1691131247015 with initial instances count: 0
2023-08-04T06:40:47.192Z  INFO 9465 --- [           main] c.n.eureka.DefaultEurekaServerContext    : Initializing ...
2023-08-04T06:40:47.194Z  WARN 9465 --- [           main] c.n.eureka.cluster.PeerEurekaNodes       : The replica size seems to be empty. Check the route 53 DNS Registry
2023-08-04T06:40:47.257Z  INFO 9465 --- [           main] c.n.e.registry.AbstractInstanceRegistry  : Finished initializing remote region registries. All known remote regions: []
2023-08-04T06:40:47.259Z  INFO 9465 --- [           main] c.n.eureka.DefaultEurekaServerContext    : Initialized
2023-08-04T06:40:47.702Z  INFO 9465 --- [           main] o.s.b.a.e.web.EndpointLinksResolver      : Exposing 1 endpoint(s) beneath base path '/actuator'
2023-08-04T06:40:47.772Z  INFO 9465 --- [           main] o.s.c.n.e.s.EurekaServiceRegistry        : Registering application SERVICE-REGISTRY with eureka with status UP
2023-08-04T06:40:47.837Z  INFO 9465 --- [           main] c.m.s.ServiceRegistryApplicationTests    : Started ServiceRegistryApplicationTests in 10.125 seconds (process running for 12.997)
2023-08-04T06:40:47.845Z  INFO 9465 --- [      Thread-10] o.s.c.n.e.server.EurekaServerBootstrap   : isAws returned false
2023-08-04T06:40:47.845Z  INFO 9465 --- [      Thread-10] o.s.c.n.e.server.EurekaServerBootstrap   : Initialized server context
2023-08-04T06:40:47.846Z  INFO 9465 --- [      Thread-10] c.n.e.r.PeerAwareInstanceRegistryImpl    : Got 1 instances from neighboring DS node
2023-08-04T06:40:47.846Z  INFO 9465 --- [      Thread-10] c.n.e.r.PeerAwareInstanceRegistryImpl    : Renew threshold is: 1
2023-08-04T06:40:47.846Z  INFO 9465 --- [      Thread-10] c.n.e.r.PeerAwareInstanceRegistryImpl    : Changing status to UP
2023-08-04T06:40:47.873Z  INFO 9465 --- [      Thread-10] e.s.EurekaServerInitializerConfiguration : Started Eureka Server
]]></system-out>
  </testcase>
</testsuite>